<?xml version="1.0" encoding="UTF-8"?>
<!-- Generated by org.testng.reporters.JUnitReportReporter -->
<testsuite skipped="0" hostname="TIL-LT04753" name="SeleniumDaily.SeleniumDaily.ReadWebTableDynamic" tests="1" failures="0" timestamp="2021-03-30T19:59:12 IST" time="8.834" errors="0">
  <testcase name="testClass" time="8.834" classname="SeleniumDaily.SeleniumDaily.ReadWebTableDynamic"/>
  <system-out/>
</testsuite> <!-- SeleniumDaily.SeleniumDaily.ReadWebTableDynamic -->
